# JRE version: Java(TM) SE Runtime Environment (8.0_121-b13) (build 1.8.0_121-b13)
# Java VM: Java HotSpot(TM) 64-Bit Server VM (25.121-b13 mixed mode windows-amd64 compressed oops)
Heap:
 PSYoungGen      total 76288K, used 24398K [0x000000076b200000, 0x0000000774700000, 0x00000007c0000000)
  eden space 65536K, 20% used [0x000000076b200000,0x000000076bf571c0,0x000000076f200000)
  from space 10752K, 99% used [0x000000076fc80000,0x00000007706fc940,0x0000000770700000)
  to   space 10752K, 55% used [0x000000076f200000,0x000000076f7d4568,0x000000076fc80000)
 ParOldGen       total 175104K, used 393K [0x00000006c1600000, 0x00000006cc100000, 0x000000076b200000)
  object space 175104K, 0% used [0x00000006c1600000,0x00000006c1662718,0x00000006cc100000)
 Metaspace       used 20397K, capacity 21178K, committed 21248K, reserved 1067008K
  class space    used 2627K, capacity 2809K, committed 2816K, reserved 1048576K
GC Heap History (5 events):
Event: 1.068 GC heap before
{Heap before GC invocations=1 (full 0):
 PSYoungGen      total 76288K, used 65536K [0x000000076b200000, 0x0000000770700000, 0x00000007c0000000)
  eden space 65536K, 100% used [0x000000076b200000,0x000000076f200000,0x000000076f200000)
  from space 10752K, 0% used [0x000000076fc80000,0x000000076fc80000,0x0000000770700000)
  to   space 10752K, 0% used [0x000000076f200000,0x000000076f200000,0x000000076fc80000)
 ParOldGen       total 175104K, used 0K [0x00000006c1600000, 0x00000006cc100000, 0x000000076b200000)
  object space 175104K, 0% used [0x00000006c1600000,0x00000006c1600000,0x00000006cc100000)
 Metaspace       used 14684K, capacity 15218K, committed 15360K, reserved 1062912K
  class space    used 1838K, capacity 1987K, committed 2048K, reserved 1048576K
Event: 1.075 GC heap after
Heap after GC invocations=1 (full 0):
 PSYoungGen      total 76288K, used 8445K [0x000000076b200000, 0x0000000770700000, 0x00000007c0000000)
  eden space 65536K, 0% used [0x000000076b200000,0x000000076b200000,0x000000076f200000)
  from space 10752K, 78% used [0x000000076f200000,0x000000076fa3f4b0,0x000000076fc80000)
  to   space 10752K, 0% used [0x000000076fc80000,0x000000076fc80000,0x0000000770700000)
 ParOldGen       total 175104K, used 16K [0x00000006c1600000, 0x00000006cc100000, 0x000000076b200000)
  object space 175104K, 0% used [0x00000006c1600000,0x00000006c1604000,0x00000006cc100000)
 Metaspace       used 14684K, capacity 15218K, committed 15360K, reserved 1062912K
  class space    used 1838K, capacity 1987K, committed 2048K, reserved 1048576K
}
Event: 1.497 GC heap before
{Heap before GC invocations=2 (full 0):
 PSYoungGen      total 76288K, used 73981K [0x000000076b200000, 0x0000000770700000, 0x00000007c0000000)
  eden space 65536K, 100% used [0x000000076b200000,0x000000076f200000,0x000000076f200000)
  from space 10752K, 78% used [0x000000076f200000,0x000000076fa3f4b0,0x000000076fc80000)
  to   space 10752K, 0% used [0x000000076fc80000,0x000000076fc80000,0x0000000770700000)
 ParOldGen       total 175104K, used 16K [0x00000006c1600000, 0x00000006cc100000, 0x000000076b200000)
  object space 175104K, 0% used [0x00000006c1600000,0x00000006c1604000,0x00000006cc100000)
 Metaspace       used 19599K, capacity 20358K, committed 20480K, reserved 1067008K
  class space    used 2518K, capacity 2697K, committed 2816K, reserved 1048576K
Event: 1.506 GC heap after
Heap after GC invocations=2 (full 0):
 PSYoungGen      total 76288K, used 10738K [0x000000076b200000, 0x0000000774700000, 0x00000007c0000000)
  eden space 65536K, 0% used [0x000000076b200000,0x000000076b200000,0x000000076f200000)
  from space 10752K, 99% used [0x000000076fc80000,0x00000007706fc940,0x0000000770700000)
  to   space 10752K, 0% used [0x000000076f200000,0x000000076f200000,0x000000076fc80000)
 ParOldGen       total 175104K, used 385K [0x00000006c1600000, 0x00000006cc100000, 0x000000076b200000)
  object space 175104K, 0% used [0x00000006c1600000,0x00000006c1660718,0x00000006cc100000)
 Metaspace       used 19599K, capacity 20358K, committed 20480K, reserved 1067008K
  class space    used 2518K, capacity 2697K, committed 2816K, reserved 1048576K
}
Event: 1.582 GC heap before
{Heap before GC invocations=3 (full 0):
 PSYoungGen      total 76288K, used 24398K [0x000000076b200000, 0x0000000774700000, 0x00000007c0000000)
  eden space 65536K, 20% used [0x000000076b200000,0x000000076bf571c0,0x000000076f200000)
  from space 10752K, 99% used [0x000000076fc80000,0x00000007706fc940,0x0000000770700000)
  to   space 10752K, 0% used [0x000000076f200000,0x000000076f200000,0x000000076fc80000)
 ParOldGen       total 175104K, used 385K [0x00000006c1600000, 0x00000006cc100000, 0x000000076b200000)
  object space 175104K, 0% used [0x00000006c1600000,0x00000006c1660718,0x00000006cc100000)
 Metaspace       used 20397K, capacity 21178K, committed 21248K, reserved 1067008K
  class space    used 2627K, capacity 2809K, committed 2816K, reserved 1048576K

